Arguments: 
  C:\Program Files\nodejs\node.exe C:\Program Files (x86)\Yarn\bin\yarn.js add

PATH: 
  C:\cmder\bin;C:\cmder\vendor\conemu-maximus5\ConEmu\Scripts;C:\cmder\vendor\conemu-maximus5;C:\cmder\vendor\conemu-maximus5\ConEmu;C:\Program Files (x86)\GnuPG\bin;C:\Program Files (x86)\Common Files\Oracle\Java\javapath;C:\Users\roger\AppData\Local\Programs\Python\Python36\;C:\Users\roger\AppData\Local\Programs\Python\Python36\Scripts\;C:\ProgramData\Oracle\Java\javapath;C:\Windows\system32;C:\Windows;C:\Windows\System32\Wbem;C:\Windows\System32\WindowsPowerShell\v1.0\;C:\Program Files (x86)\NVIDIA Corporation\PhysX\Common;C:\Program Files (x86)\Heroku\bin;C:\Program Files (x86)\git\cmd;C:\Users\roger\.dnx\bin;C:\Program Files\Microsoft DNX\Dnvm\;C:\WINDOWS\system32;C:\WINDOWS;C:\WINDOWS\System32\Wbem;C:\WINDOWS\System32\WindowsPowerShell\v1.0\;C:\Users\roger\C:\Users\roger\AppData\Roaming\npm;C:\Users\roger\AppData\Local\atom\bin;C:\Program Files\Git\cmd;C:\Program Files\Calibre2\;C:\Users\roger\.cargo\bin\;C:\Program Files\LLVM\bin;C:\Ruby22\bin;C:\fasm\;C:\Users\roger\bin\;C:\msys64\mingw64\bin;C:\msys64\usr\bin;C:\Program Files (x86)\GnuWin32\bin;C:\Users\roger\bin\tidy\;C:\Program Files (x86)\Yarn\bin\;C:\Program Files\CMake\bin;C:\win-builds\bin\;C:\WINDOWS\System32\OpenSSH\;C:\Program Files (x86)\Microsoft Visual Studio\2017\BuildTools\MSBuild\15.0\Bin;C:\emacs\bin;C:\Program Files\Microsoft VS Code\bin;C:\Users\roger\AppData\Roaming\nvm;C:\Program Files\nodejs;C:\flutter\bin;E:\Android;C:\Program Files (x86)\Gpg4win\..\GnuPG\bin;C:\Program Files (x86)\Google\Cloud SDK\google-cloud-sdk\bin;C:\Users\roger\.pulumi\bin;C:\Users\roger\.pulumi\bin;C:\Users\roger\.windows-build-tools\python27\;C:\Users\roger\AppData\Roaming\nvm\v8.12.0\node_modules\npm\node_modules\npm-lifecycle\node-gyp-bin;C:\Program Files\nodejs\node_modules\windows-build-tools\node_modules\.bin;C:\Program Files\nodejs\node_modules\.bin;C:\Program Files (x86)\GnuPG\bin;C:\ProgramData\DockerDesktop\version-bin;C:\Program Files\Docker\Docker\Resources\bin;C:\Program Files (x86)\Common Files\Oracle\Java\javapath;C:\Users\roger\AppData\Local\Programs\Python\Python36\;C:\Users\roger\AppData\Local\Programs\Python\Python36\Scripts\;C:\ProgramData\Oracle\Java\javapath;C:\Windows\system32;C:\Windows;C:\Windows\System32\Wbem;C:\Windows\System32\WindowsPowerShell\v1.0\;C:\Program Files (x86)\NVIDIA Corporation\PhysX\Common;C:\Program Files (x86)\Heroku\bin;C:\Program Files (x86)\git\cmd;C:\Users\roger\.dnx\bin;C:\Program Files\Microsoft DNX\Dnvm\;C:\WINDOWS\system32;C:\WINDOWS;C:\WINDOWS\System32\Wbem;C:\WINDOWS\System32\WindowsPowerShell\v1.0\;C:\Users\roger\C:\Users\roger\AppData\Roaming\npm;C:\Users\roger\AppData\Local\atom\bin;C:\Program Files\Git\cmd;C:\Program Files\Calibre2\;C:\Users\roger\.cargo\bin\;C:\Program Files\LLVM\bin;C:\Ruby22\bin;C:\fasm\;C:\Users\roger\bin\;C:\msys64\mingw64\bin;C:\msys64\usr\bin;C:\Program Files (x86)\GnuWin32\bin;C:\Users\roger\bin\tidy\;C:\Program Files (x86)\Yarn\bin\;C:\Program Files\CMake\bin;C:\win-builds\bin\;C:\WINDOWS\System32\OpenSSH\;C:\Program Files (x86)\Microsoft Visual Studio\2017\BuildTools\MSBuild\15.0\Bin;C:\emacs\bin;C:\Program Files\Microsoft VS Code\bin;C:\Users\roger\AppData\Roaming\nvm;C:\Program Files\nodejs;C:\flutter\bin;E:\Android;C:\Program Files (x86)\Gpg4win\..\GnuPG\bin;C:\Users\roger\AppData\Local\Programs\Python\Python36\Scripts\;C:\Users\roger\AppData\Local\Programs\Python\Python36\;C:\Users\roger\AppData\Local\Microsoft\WindowsApps;C:\Users\roger\AppData\Local\Yarn\bin;C:\Program Files (x86)\Oni;C:\Exercism;C:\Program Files\Git\usr\bin;C:\Program Files\Git\usr\share\vim\vim74;C:\cmder\

Yarn version: 
  1.5.1

Node version: 
  8.12.0

Platform: 
  win32 x64

npm manifest: 
  {
      "name": "gcp-typescript",
      "devDependencies": {
          "@types/node": "latest"
      },
      "dependencies": {
          "@pulumi/pulumi": "latest",
          "@pulumi/gcp": "latest"
      }
  }

yarn manifest: 
  No manifest

Lockfile: 
  No lockfile

Trace: 
  Error: Missing list of packages to add to your project.
      at new MessageError (C:\Program Files (x86)\Yarn\lib\cli.js:186:110)
      at Object.<anonymous> (C:\Program Files (x86)\Yarn\lib\cli.js:40587:13)
      at Generator.next (<anonymous>)
      at step (C:\Program Files (x86)\Yarn\lib\cli.js:98:30)
      at C:\Program Files (x86)\Yarn\lib\cli.js:116:14
      at new Promise (<anonymous>)
      at new F (C:\Program Files (x86)\Yarn\lib\cli.js:23451:28)
      at Object.<anonymous> (C:\Program Files (x86)\Yarn\lib\cli.js:95:12)
      at Object.run (C:\Program Files (x86)\Yarn\lib\cli.js:40599:19)
      at run (C:\Program Files (x86)\Yarn\lib\cli.js:89113:20)
